Command line:
   CONTROL_isim_beh.exe
     -simmode  gui
     -simrunnum  0
     -socket  55998

Sun Dec 04 19:48:29 2016


 Elaboration Time: 0.0624 sec

 Current Memory Usage: 505.061 Meg

 Total Signals          : 16
 Total Nets             : 33
 Total Signal Drivers   : 17
 Total Blocks           : 2
 Total Primitive Blocks : 2
 Total Processes        : 19
 Total Traceable Variables  : 30
 Total Scalar Nets and Variables : 127
Total Line Count : 115

 Total Simulation Time: 0.140402 sec

 Current Memory Usage: 505.061 Meg

Sun Dec 04 19:48:32 2016

