ARM GAS  C:\Users\quintor2\AppData\Local\Temp\ccISA9Vn.s 			page 1


   1              		.syntax unified
   2              		.cpu cortex-m3
   3              		.fpu softvfp
   4              		.eabi_attribute 20, 1
   5              		.eabi_attribute 21, 1
   6              		.eabi_attribute 23, 3
   7              		.eabi_attribute 24, 1
   8              		.eabi_attribute 25, 1
   9              		.eabi_attribute 26, 1
  10              		.eabi_attribute 30, 1
  11              		.eabi_attribute 34, 1
  12              		.eabi_attribute 18, 4
  13              		.thumb
  14              		.file	"cymetadata.c"
  15              		.text
  16              	.Ltext0:
  17              		.cfi_sections	.debug_frame
  18              		.global	cy_metadata
  19              		.global	cy_meta_flashprotect
  20              		.global	cy_meta_wonvl
  21              		.global	cy_meta_custnvl
  22              		.global	cy_meta_configecc
  23              		.section	.cyconfigecc,"a",%progbits
  24              		.align	2
  25              		.type	cy_meta_configecc, %object
  26              		.size	cy_meta_configecc, 760
  27              	cy_meta_configecc:
  28 0000 02       		.byte	2
  29 0001 52       		.byte	82
  30 0002 00       		.byte	0
  31 0003 40       		.byte	64
  32 0004 03       		.byte	3
  33 0005 64       		.byte	100
  34 0006 00       		.byte	0
  35 0007 40       		.byte	64
  36 0008 6F       		.byte	111
  37 0009 00       		.byte	0
  38 000a 01       		.byte	1
  39 000b 40       		.byte	64
  40 000c 3C       		.byte	60
  41 000d 01       		.byte	1
  42 000e 01       		.byte	1
  43 000f 40       		.byte	64
  44 0010 4E       		.byte	78
  45 0011 02       		.byte	2
  46 0012 01       		.byte	1
  47 0013 40       		.byte	64
  48 0014 52       		.byte	82
  49 0015 03       		.byte	3
  50 0016 01       		.byte	1
  51 0017 40       		.byte	64
  52 0018 03       		.byte	3
  53 0019 05       		.byte	5
  54 001a 01       		.byte	1
  55 001b 40       		.byte	64
  56 001c 04       		.byte	4
  57 001d 41       		.byte	65
ARM GAS  C:\Users\quintor2\AppData\Local\Temp\ccISA9Vn.s 			page 2


  58 001e 01       		.byte	1
  59 001f 40       		.byte	64
  60 0020 04       		.byte	4
  61 0021 42       		.byte	66
  62 0022 01       		.byte	1
  63 0023 40       		.byte	64
  64 0024 02       		.byte	2
  65 0025 50       		.byte	80
  66 0026 01       		.byte	1
  67 0027 40       		.byte	64
  68 0028 00       		.byte	0
  69 0029 02       		.byte	2
  70 002a 04       		.byte	4
  71 002b 01       		.byte	1
  72 002c 81       		.byte	-127
  73 002d 0F       		.byte	15
  74 002e 82       		.byte	-126
  75 002f 38       		.byte	56
  76 0030 83       		.byte	-125
  77 0031 72       		.byte	114
  78 0032 00       		.byte	0
  79 0033 0C       		.byte	12
  80 0034 02       		.byte	2
  81 0035 13       		.byte	19
  82 0036 04       		.byte	4
  83 0037 40       		.byte	64
  84 0038 05       		.byte	5
  85 0039 E7       		.byte	-25
  86 003a 09       		.byte	9
  87 003b 44       		.byte	68
  88 003c 0B       		.byte	11
  89 003d 31       		.byte	49
  90 003e 0D       		.byte	13
  91 003f 01       		.byte	1
  92 0040 0E       		.byte	14
  93 0041 40       		.byte	64
  94 0042 0F       		.byte	15
  95 0043 0E       		.byte	14
  96 0044 10       		.byte	16
  97 0045 40       		.byte	64
  98 0046 14       		.byte	20
  99 0047 11       		.byte	17
 100 0048 15       		.byte	21
 101 0049 E7       		.byte	-25
 102 004a 16       		.byte	22
 103 004b 0E       		.byte	14
 104 004c 1D       		.byte	29
 105 004d 80       		.byte	-128
 106 004e 1E       		.byte	30
 107 004f 40       		.byte	64
 108 0050 22       		.byte	34
 109 0051 08       		.byte	8
 110 0052 26       		.byte	38
 111 0053 0C       		.byte	12
 112 0054 28       		.byte	40
 113 0055 20       		.byte	32
 114 0056 29       		.byte	41
ARM GAS  C:\Users\quintor2\AppData\Local\Temp\ccISA9Vn.s 			page 3


 115 0057 22       		.byte	34
 116 0058 2A       		.byte	42
 117 0059 03       		.byte	3
 118 005a 2B       		.byte	43
 119 005b 51       		.byte	81
 120 005c 2C       		.byte	44
 121 005d 11       		.byte	17
 122 005e 2E       		.byte	46
 123 005f 06       		.byte	6
 124 0060 30       		.byte	48
 125 0061 0F       		.byte	15
 126 0062 31       		.byte	49
 127 0063 07       		.byte	7
 128 0064 32       		.byte	50
 129 0065 40       		.byte	64
 130 0066 33       		.byte	51
 131 0067 60       		.byte	96
 132 0068 34       		.byte	52
 133 0069 30       		.byte	48
 134 006a 35       		.byte	53
 135 006b 80       		.byte	-128
 136 006c 37       		.byte	55
 137 006d 18       		.byte	24
 138 006e 38       		.byte	56
 139 006f 28       		.byte	40
 140 0070 3A       		.byte	58
 141 0071 02       		.byte	2
 142 0072 3F       		.byte	63
 143 0073 40       		.byte	64
 144 0074 40       		.byte	64
 145 0075 42       		.byte	66
 146 0076 41       		.byte	65
 147 0077 05       		.byte	5
 148 0078 42       		.byte	66
 149 0079 06       		.byte	6
 150 007a 44       		.byte	68
 151 007b 01       		.byte	1
 152 007c 46       		.byte	70
 153 007d EC       		.byte	-20
 154 007e 48       		.byte	72
 155 007f 0C       		.byte	12
 156 0080 49       		.byte	73
 157 0081 FF       		.byte	-1
 158 0082 4A       		.byte	74
 159 0083 FF       		.byte	-1
 160 0084 4B       		.byte	75
 161 0085 FF       		.byte	-1
 162 0086 4C       		.byte	76
 163 0087 62       		.byte	98
 164 0088 4D       		.byte	77
 165 0089 A0       		.byte	-96
 166 008a 4E       		.byte	78
 167 008b F0       		.byte	-16
 168 008c 4F       		.byte	79
 169 008d 41       		.byte	65
 170 008e 50       		.byte	80
 171 008f 0C       		.byte	12
ARM GAS  C:\Users\quintor2\AppData\Local\Temp\ccISA9Vn.s 			page 4


 172 0090 58       		.byte	88
 173 0091 04       		.byte	4
 174 0092 59       		.byte	89
 175 0093 04       		.byte	4
 176 0094 5A       		.byte	90
 177 0095 04       		.byte	4
 178 0096 5F       		.byte	95
 179 0097 01       		.byte	1
 180 0098 66       		.byte	102
 181 0099 40       		.byte	64
 182 009a 67       		.byte	103
 183 009b 02       		.byte	2
 184 009c 69       		.byte	105
 185 009d 10       		.byte	16
 186 009e 6A       		.byte	106
 187 009f 30       		.byte	48
 188 00a0 6B       		.byte	107
 189 00a1 10       		.byte	16
 190 00a2 6D       		.byte	109
 191 00a3 10       		.byte	16
 192 00a4 6E       		.byte	110
 193 00a5 10       		.byte	16
 194 00a6 6F       		.byte	111
 195 00a7 12       		.byte	18
 196 00a8 80       		.byte	-128
 197 00a9 DC       		.byte	-36
 198 00aa 82       		.byte	-126
 199 00ab 22       		.byte	34
 200 00ac 84       		.byte	-124
 201 00ad 14       		.byte	20
 202 00ae 88       		.byte	-120
 203 00af 0C       		.byte	12
 204 00b0 8A       		.byte	-118
 205 00b1 71       		.byte	113
 206 00b2 8B       		.byte	-117
 207 00b3 55       		.byte	85
 208 00b4 8E       		.byte	-114
 209 00b5 03       		.byte	3
 210 00b6 91       		.byte	-111
 211 00b7 2A       		.byte	42
 212 00b8 93       		.byte	-109
 213 00b9 44       		.byte	68
 214 00ba 96       		.byte	-106
 215 00bb 20       		.byte	32
 216 00bc 9B       		.byte	-101
 217 00bd 08       		.byte	8
 218 00be 9C       		.byte	-100
 219 00bf 10       		.byte	16
 220 00c0 9D       		.byte	-99
 221 00c1 73       		.byte	115
 222 00c2 9E       		.byte	-98
 223 00c3 40       		.byte	64
 224 00c4 9F       		.byte	-97
 225 00c5 0C       		.byte	12
 226 00c6 A0       		.byte	-96
 227 00c7 10       		.byte	16
 228 00c8 A2       		.byte	-94
ARM GAS  C:\Users\quintor2\AppData\Local\Temp\ccISA9Vn.s 			page 5


 229 00c9 AC       		.byte	-84
 230 00ca A5       		.byte	-91
 231 00cb 73       		.byte	115
 232 00cc A7       		.byte	-89
 233 00cd 04       		.byte	4
 234 00ce A8       		.byte	-88
 235 00cf 09       		.byte	9
 236 00d0 A9       		.byte	-87
 237 00d1 03       		.byte	3
 238 00d2 AA       		.byte	-86
 239 00d3 D0       		.byte	-48
 240 00d4 AB       		.byte	-85
 241 00d5 44       		.byte	68
 242 00d6 B1       		.byte	-79
 243 00d7 40       		.byte	64
 244 00d8 B3       		.byte	-77
 245 00d9 30       		.byte	48
 246 00da B4       		.byte	-76
 247 00db E0       		.byte	-32
 248 00dc B6       		.byte	-74
 249 00dd 1F       		.byte	31
 250 00de B7       		.byte	-73
 251 00df 0F       		.byte	15
 252 00e0 B9       		.byte	-71
 253 00e1 08       		.byte	8
 254 00e2 BA       		.byte	-70
 255 00e3 20       		.byte	32
 256 00e4 BB       		.byte	-69
 257 00e5 80       		.byte	-128
 258 00e6 BF       		.byte	-65
 259 00e7 05       		.byte	5
 260 00e8 C0       		.byte	-64
 261 00e9 03       		.byte	3
 262 00ea C6       		.byte	-58
 263 00eb 04       		.byte	4
 264 00ec C9       		.byte	-55
 265 00ed FF       		.byte	-1
 266 00ee CA       		.byte	-54
 267 00ef 07       		.byte	7
 268 00f0 CB       		.byte	-53
 269 00f1 FF       		.byte	-1
 270 00f2 CC       		.byte	-52
 271 00f3 40       		.byte	64
 272 00f4 CD       		.byte	-51
 273 00f5 20       		.byte	32
 274 00f6 CE       		.byte	-50
 275 00f7 F0       		.byte	-16
 276 00f8 CF       		.byte	-49
 277 00f9 05       		.byte	5
 278 00fa D0       		.byte	-48
 279 00fb 08       		.byte	8
 280 00fc D4       		.byte	-44
 281 00fd 01       		.byte	1
 282 00fe D8       		.byte	-40
 283 00ff 04       		.byte	4
 284 0100 D9       		.byte	-39
 285 0101 04       		.byte	4
ARM GAS  C:\Users\quintor2\AppData\Local\Temp\ccISA9Vn.s 			page 6


 286 0102 DA       		.byte	-38
 287 0103 04       		.byte	4
 288 0104 DB       		.byte	-37
 289 0105 04       		.byte	4
 290 0106 DF       		.byte	-33
 291 0107 01       		.byte	1
 292 0108 E0       		.byte	-32
 293 0109 40       		.byte	64
 294 010a E1       		.byte	-31
 295 010b A8       		.byte	-88
 296 010c E2       		.byte	-30
 297 010d 40       		.byte	64
 298 010e E3       		.byte	-29
 299 010f 20       		.byte	32
 300 0110 01       		.byte	1
 301 0111 02       		.byte	2
 302 0112 02       		.byte	2
 303 0113 22       		.byte	34
 304 0114 04       		.byte	4
 305 0115 80       		.byte	-128
 306 0116 05       		.byte	5
 307 0117 42       		.byte	66
 308 0118 06       		.byte	6
 309 0119 18       		.byte	24
 310 011a 0A       		.byte	10
 311 011b 41       		.byte	65
 312 011c 0B       		.byte	11
 313 011d 20       		.byte	32
 314 011e 0D       		.byte	13
 315 011f 80       		.byte	-128
 316 0120 0F       		.byte	15
 317 0121 20       		.byte	32
 318 0122 10       		.byte	16
 319 0123 10       		.byte	16
 320 0124 11       		.byte	17
 321 0125 A0       		.byte	-96
 322 0126 12       		.byte	18
 323 0127 40       		.byte	64
 324 0128 17       		.byte	23
 325 0129 21       		.byte	33
 326 012a 19       		.byte	25
 327 012b 16       		.byte	22
 328 012c 1D       		.byte	29
 329 012d 40       		.byte	64
 330 012e 1F       		.byte	31
 331 012f 10       		.byte	16
 332 0130 20       		.byte	32
 333 0131 21       		.byte	33
 334 0132 21       		.byte	33
 335 0133 10       		.byte	16
 336 0134 23       		.byte	35
 337 0135 50       		.byte	80
 338 0136 25       		.byte	37
 339 0137 48       		.byte	72
 340 0138 26       		.byte	38
 341 0139 80       		.byte	-128
 342 013a 27       		.byte	39
ARM GAS  C:\Users\quintor2\AppData\Local\Temp\ccISA9Vn.s 			page 7


 343 013b 81       		.byte	-127
 344 013c 28       		.byte	40
 345 013d 08       		.byte	8
 346 013e 2D       		.byte	45
 347 013f 20       		.byte	32
 348 0140 2E       		.byte	46
 349 0141 08       		.byte	8
 350 0142 2F       		.byte	47
 351 0143 18       		.byte	24
 352 0144 32       		.byte	50
 353 0145 40       		.byte	64
 354 0146 33       		.byte	51
 355 0147 04       		.byte	4
 356 0148 34       		.byte	52
 357 0149 10       		.byte	16
 358 014a 35       		.byte	53
 359 014b 12       		.byte	18
 360 014c 36       		.byte	54
 361 014d 80       		.byte	-128
 362 014e 37       		.byte	55
 363 014f 20       		.byte	32
 364 0150 39       		.byte	57
 365 0151 04       		.byte	4
 366 0152 3B       		.byte	59
 367 0153 50       		.byte	80
 368 0154 3F       		.byte	63
 369 0155 20       		.byte	32
 370 0156 40       		.byte	64
 371 0157 41       		.byte	65
 372 0158 41       		.byte	65
 373 0159 10       		.byte	16
 374 015a 42       		.byte	66
 375 015b 40       		.byte	64
 376 015c 45       		.byte	69
 377 015d 08       		.byte	8
 378 015e 48       		.byte	72
 379 015f 06       		.byte	6
 380 0160 50       		.byte	80
 381 0161 10       		.byte	16
 382 0162 51       		.byte	81
 383 0163 40       		.byte	64
 384 0164 55       		.byte	85
 385 0165 90       		.byte	-112
 386 0166 56       		.byte	86
 387 0167 40       		.byte	64
 388 0168 57       		.byte	87
 389 0169 10       		.byte	16
 390 016a 5D       		.byte	93
 391 016b 20       		.byte	32
 392 016c 5E       		.byte	94
 393 016d 0A       		.byte	10
 394 016e 5F       		.byte	95
 395 016f 80       		.byte	-128
 396 0170 79       		.byte	121
 397 0171 30       		.byte	48
 398 0172 7A       		.byte	122
 399 0173 01       		.byte	1
ARM GAS  C:\Users\quintor2\AppData\Local\Temp\ccISA9Vn.s 			page 8


 400 0174 7B       		.byte	123
 401 0175 02       		.byte	2
 402 0176 C0       		.byte	-64
 403 0177 FD       		.byte	-3
 404 0178 C2       		.byte	-62
 405 0179 AD       		.byte	-83
 406 017a C4       		.byte	-60
 407 017b 5F       		.byte	95
 408 017c CA       		.byte	-54
 409 017d 64       		.byte	100
 410 017e CC       		.byte	-52
 411 017f BA       		.byte	-70
 412 0180 CE       		.byte	-50
 413 0181 2E       		.byte	46
 414 0182 D0       		.byte	-48
 415 0183 4D       		.byte	77
 416 0184 D2       		.byte	-46
 417 0185 0C       		.byte	12
 418 0186 D6       		.byte	-42
 419 0187 F0       		.byte	-16
 420 0188 06       		.byte	6
 421 0189 04       		.byte	4
 422 018a 0A       		.byte	10
 423 018b 04       		.byte	4
 424 018c 0C       		.byte	12
 425 018d 08       		.byte	8
 426 018e 1A       		.byte	26
 427 018f 01       		.byte	1
 428 0190 2A       		.byte	42
 429 0191 02       		.byte	2
 430 0192 2D       		.byte	45
 431 0193 01       		.byte	1
 432 0194 2E       		.byte	46
 433 0195 01       		.byte	1
 434 0196 30       		.byte	48
 435 0197 01       		.byte	1
 436 0198 32       		.byte	50
 437 0199 04       		.byte	4
 438 019a 33       		.byte	51
 439 019b 01       		.byte	1
 440 019c 34       		.byte	52
 441 019d 08       		.byte	8
 442 019e 36       		.byte	54
 443 019f 02       		.byte	2
 444 01a0 3E       		.byte	62
 445 01a1 15       		.byte	21
 446 01a2 3F       		.byte	63
 447 01a3 04       		.byte	4
 448 01a4 40       		.byte	64
 449 01a5 46       		.byte	70
 450 01a6 41       		.byte	65
 451 01a7 02       		.byte	2
 452 01a8 46       		.byte	70
 453 01a9 B0       		.byte	-80
 454 01aa 47       		.byte	71
 455 01ab EC       		.byte	-20
 456 01ac 48       		.byte	72
ARM GAS  C:\Users\quintor2\AppData\Local\Temp\ccISA9Vn.s 			page 9


 457 01ad 38       		.byte	56
 458 01ae 49       		.byte	73
 459 01af FF       		.byte	-1
 460 01b0 4A       		.byte	74
 461 01b1 FF       		.byte	-1
 462 01b2 4B       		.byte	75
 463 01b3 FF       		.byte	-1
 464 01b4 4E       		.byte	78
 465 01b5 F0       		.byte	-16
 466 01b6 4F       		.byte	79
 467 01b7 44       		.byte	68
 468 01b8 50       		.byte	80
 469 01b9 0C       		.byte	12
 470 01ba 54       		.byte	84
 471 01bb 18       		.byte	24
 472 01bc 58       		.byte	88
 473 01bd 04       		.byte	4
 474 01be 59       		.byte	89
 475 01bf 04       		.byte	4
 476 01c0 5A       		.byte	90
 477 01c1 04       		.byte	4
 478 01c2 5B       		.byte	91
 479 01c3 04       		.byte	4
 480 01c4 5F       		.byte	95
 481 01c5 01       		.byte	1
 482 01c6 66       		.byte	102
 483 01c7 C0       		.byte	-64
 484 01c8 6A       		.byte	106
 485 01c9 40       		.byte	64
 486 01ca 6B       		.byte	107
 487 01cb 02       		.byte	2
 488 01cc 80       		.byte	-128
 489 01cd 01       		.byte	1
 490 01ce 81       		.byte	-127
 491 01cf E7       		.byte	-25
 492 01d0 83       		.byte	-125
 493 01d1 18       		.byte	24
 494 01d2 84       		.byte	-124
 495 01d3 3F       		.byte	63
 496 01d4 85       		.byte	-123
 497 01d5 08       		.byte	8
 498 01d6 88       		.byte	-120
 499 01d7 02       		.byte	2
 500 01d8 8B       		.byte	-117
 501 01d9 E3       		.byte	-29
 502 01da 8C       		.byte	-116
 503 01db 33       		.byte	51
 504 01dc 8D       		.byte	-115
 505 01dd C0       		.byte	-64
 506 01de 8E       		.byte	-114
 507 01df 0C       		.byte	12
 508 01e0 90       		.byte	-112
 509 01e1 03       		.byte	3
 510 01e2 91       		.byte	-111
 511 01e3 3C       		.byte	60
 512 01e4 93       		.byte	-109
 513 01e5 C2       		.byte	-62
ARM GAS  C:\Users\quintor2\AppData\Local\Temp\ccISA9Vn.s 			page 10


 514 01e6 94       		.byte	-108
 515 01e7 0C       		.byte	12
 516 01e8 95       		.byte	-107
 517 01e9 18       		.byte	24
 518 01ea 99       		.byte	-103
 519 01eb FF       		.byte	-1
 520 01ec 9C       		.byte	-100
 521 01ed 1F       		.byte	31
 522 01ee 9D       		.byte	-99
 523 01ef 10       		.byte	16
 524 01f0 9E       		.byte	-98
 525 01f1 20       		.byte	32
 526 01f2 A0       		.byte	-96
 527 01f3 08       		.byte	8
 528 01f4 A1       		.byte	-95
 529 01f5 1C       		.byte	28
 530 01f6 A3       		.byte	-93
 531 01f7 E1       		.byte	-31
 532 01f8 A4       		.byte	-92
 533 01f9 04       		.byte	4
 534 01fa A5       		.byte	-91
 535 01fb 80       		.byte	-128
 536 01fc A9       		.byte	-87
 537 01fd 44       		.byte	68
 538 01fe AA       		.byte	-86
 539 01ff 23       		.byte	35
 540 0200 AC       		.byte	-84
 541 0201 1C       		.byte	28
 542 0202 AE       		.byte	-82
 543 0203 23       		.byte	35
 544 0204 AF       		.byte	-81
 545 0205 04       		.byte	4
 546 0206 B0       		.byte	-80
 547 0207 0F       		.byte	15
 548 0208 B1       		.byte	-79
 549 0209 1F       		.byte	31
 550 020a B2       		.byte	-78
 551 020b 10       		.byte	16
 552 020c B5       		.byte	-75
 553 020d 38       		.byte	56
 554 020e B6       		.byte	-74
 555 020f 2C       		.byte	44
 556 0210 B7       		.byte	-73
 557 0211 C0       		.byte	-64
 558 0212 BA       		.byte	-70
 559 0213 A2       		.byte	-94
 560 0214 BB       		.byte	-69
 561 0215 02       		.byte	2
 562 0216 BE       		.byte	-66
 563 0217 04       		.byte	4
 564 0218 D6       		.byte	-42
 565 0219 02       		.byte	2
 566 021a D7       		.byte	-41
 567 021b 12       		.byte	18
 568 021c D8       		.byte	-40
 569 021d 04       		.byte	4
 570 021e D9       		.byte	-39
ARM GAS  C:\Users\quintor2\AppData\Local\Temp\ccISA9Vn.s 			page 11


 571 021f 04       		.byte	4
 572 0220 DB       		.byte	-37
 573 0221 04       		.byte	4
 574 0222 DF       		.byte	-33
 575 0223 01       		.byte	1
 576 0224 00       		.byte	0
 577 0225 64       		.byte	100
 578 0226 01       		.byte	1
 579 0227 02       		.byte	2
 580 0228 02       		.byte	2
 581 0229 25       		.byte	37
 582 022a 04       		.byte	4
 583 022b A0       		.byte	-96
 584 022c 05       		.byte	5
 585 022d 04       		.byte	4
 586 022e 09       		.byte	9
 587 022f 08       		.byte	8
 588 0230 0A       		.byte	10
 589 0231 01       		.byte	1
 590 0232 0B       		.byte	11
 591 0233 40       		.byte	64
 592 0234 0D       		.byte	13
 593 0235 10       		.byte	16
 594 0236 10       		.byte	16
 595 0237 80       		.byte	-128
 596 0238 11       		.byte	17
 597 0239 10       		.byte	16
 598 023a 12       		.byte	18
 599 023b 02       		.byte	2
 600 023c 13       		.byte	19
 601 023d 04       		.byte	4
 602 023e 14       		.byte	20
 603 023f 08       		.byte	8
 604 0240 15       		.byte	21
 605 0241 80       		.byte	-128
 606 0242 18       		.byte	24
 607 0243 44       		.byte	68
 608 0244 19       		.byte	25
 609 0245 08       		.byte	8
 610 0246 1A       		.byte	26
 611 0247 01       		.byte	1
 612 0248 1B       		.byte	27
 613 0249 80       		.byte	-128
 614 024a 1D       		.byte	29
 615 024b 40       		.byte	64
 616 024c 1F       		.byte	31
 617 024d 25       		.byte	37
 618 024e 20       		.byte	32
 619 024f 08       		.byte	8
 620 0250 21       		.byte	33
 621 0251 10       		.byte	16
 622 0252 22       		.byte	34
 623 0253 02       		.byte	2
 624 0254 23       		.byte	35
 625 0255 02       		.byte	2
 626 0256 26       		.byte	38
 627 0257 04       		.byte	4
ARM GAS  C:\Users\quintor2\AppData\Local\Temp\ccISA9Vn.s 			page 12


 628 0258 28       		.byte	40
 629 0259 08       		.byte	8
 630 025a 29       		.byte	41
 631 025b 40       		.byte	64
 632 025c 2A       		.byte	42
 633 025d 04       		.byte	4
 634 025e 2B       		.byte	43
 635 025f 80       		.byte	-128
 636 0260 2F       		.byte	47
 637 0261 02       		.byte	2
 638 0262 30       		.byte	48
 639 0263 80       		.byte	-128
 640 0264 31       		.byte	49
 641 0265 08       		.byte	8
 642 0266 32       		.byte	50
 643 0267 22       		.byte	34
 644 0268 39       		.byte	57
 645 0269 10       		.byte	16
 646 026a 3A       		.byte	58
 647 026b 01       		.byte	1
 648 026c 3B       		.byte	59
 649 026d 44       		.byte	68
 650 026e 46       		.byte	70
 651 026f 08       		.byte	8
 652 0270 47       		.byte	71
 653 0271 01       		.byte	1
 654 0272 4F       		.byte	79
 655 0273 20       		.byte	32
 656 0274 56       		.byte	86
 657 0275 10       		.byte	16
 658 0276 57       		.byte	87
 659 0277 0A       		.byte	10
 660 0278 59       		.byte	89
 661 0279 08       		.byte	8
 662 027a 5F       		.byte	95
 663 027b 02       		.byte	2
 664 027c 67       		.byte	103
 665 027d 0A       		.byte	10
 666 027e 69       		.byte	105
 667 027f 04       		.byte	4
 668 0280 6A       		.byte	106
 669 0281 80       		.byte	-128
 670 0282 6B       		.byte	107
 671 0283 04       		.byte	4
 672 0284 70       		.byte	112
 673 0285 80       		.byte	-128
 674 0286 71       		.byte	113
 675 0287 08       		.byte	8
 676 0288 73       		.byte	115
 677 0289 04       		.byte	4
 678 028a 7C       		.byte	124
 679 028b 04       		.byte	4
 680 028c 7D       		.byte	125
 681 028d 08       		.byte	8
 682 028e 80       		.byte	-128
 683 028f 02       		.byte	2
 684 0290 81       		.byte	-127
ARM GAS  C:\Users\quintor2\AppData\Local\Temp\ccISA9Vn.s 			page 13


 685 0291 04       		.byte	4
 686 0292 90       		.byte	-112
 687 0293 A0       		.byte	-96
 688 0294 91       		.byte	-111
 689 0295 90       		.byte	-112
 690 0296 93       		.byte	-109
 691 0297 40       		.byte	64
 692 0298 94       		.byte	-108
 693 0299 40       		.byte	64
 694 029a 95       		.byte	-107
 695 029b 04       		.byte	4
 696 029c 96       		.byte	-106
 697 029d 81       		.byte	-127
 698 029e 99       		.byte	-103
 699 029f 04       		.byte	4
 700 02a0 9A       		.byte	-102
 701 02a1 08       		.byte	8
 702 02a2 9B       		.byte	-101
 703 02a3 01       		.byte	1
 704 02a4 9C       		.byte	-100
 705 02a5 08       		.byte	8
 706 02a6 9E       		.byte	-98
 707 02a7 10       		.byte	16
 708 02a8 9F       		.byte	-97
 709 02a9 04       		.byte	4
 710 02aa A0       		.byte	-96
 711 02ab 10       		.byte	16
 712 02ac A3       		.byte	-93
 713 02ad 10       		.byte	16
 714 02ae A4       		.byte	-92
 715 02af 06       		.byte	6
 716 02b0 A6       		.byte	-90
 717 02b1 26       		.byte	38
 718 02b2 A7       		.byte	-89
 719 02b3 0A       		.byte	10
 720 02b4 C0       		.byte	-64
 721 02b5 EF       		.byte	-17
 722 02b6 C2       		.byte	-62
 723 02b7 4D       		.byte	77
 724 02b8 C4       		.byte	-60
 725 02b9 CF       		.byte	-49
 726 02ba CA       		.byte	-54
 727 02bb 1F       		.byte	31
 728 02bc CC       		.byte	-52
 729 02bd 0F       		.byte	15
 730 02be CE       		.byte	-50
 731 02bf 0F       		.byte	15
 732 02c0 D0       		.byte	-48
 733 02c1 A0       		.byte	-96
 734 02c2 D2       		.byte	-46
 735 02c3 20       		.byte	32
 736 02c4 D6       		.byte	-42
 737 02c5 82       		.byte	-126
 738 02c6 D8       		.byte	-40
 739 02c7 30       		.byte	48
 740 02c8 AB       		.byte	-85
 741 02c9 20       		.byte	32
ARM GAS  C:\Users\quintor2\AppData\Local\Temp\ccISA9Vn.s 			page 14


 742 02ca AC       		.byte	-84
 743 02cb 08       		.byte	8
 744 02cc AD       		.byte	-83
 745 02cd 02       		.byte	2
 746 02ce 03       		.byte	3
 747 02cf 80       		.byte	-128
 748 02d0 57       		.byte	87
 749 02d1 04       		.byte	4
 750 02d2 C0       		.byte	-64
 751 02d3 10       		.byte	16
 752 02d4 D4       		.byte	-44
 753 02d5 40       		.byte	64
 754 02d6 AB       		.byte	-85
 755 02d7 04       		.byte	4
 756 02d8 AF       		.byte	-81
 757 02d9 80       		.byte	-128
 758 02da EC       		.byte	-20
 759 02db 10       		.byte	16
 760 02dc EE       		.byte	-18
 761 02dd 20       		.byte	32
 762 02de 00       		.byte	0
 763 02df 01       		.byte	1
 764 02e0 08       		.byte	8
 765 02e1 01       		.byte	1
 766 02e2 00       		.byte	0
 767 02e3 00       		.byte	0
 768 02e4 02       		.byte	2
 769 02e5 00       		.byte	0
 770 02e6 01       		.byte	1
 771 02e7 02       		.byte	2
 772 02e8 02       		.byte	2
 773 02e9 00       		.byte	0
 774 02ea 02       		.byte	2
 775 02eb 00       		.byte	0
 776 02ec 00       		.byte	0
 777 02ed 00       		.byte	0
 778 02ee 00       		.byte	0
 779 02ef 00       		.byte	0
 780 02f0 00       		.byte	0
 781 02f1 7F       		.byte	127
 782 02f2 7F       		.byte	127
 783 02f3 00       		.byte	0
 784 02f4 00       		.byte	0
 785 02f5 00       		.byte	0
 786 02f6 00       		.byte	0
 787 02f7 00       		.byte	0
 788              		.section	.cywolatch,"a",%progbits
 789              		.align	2
 790              		.type	cy_meta_wonvl, %object
 791              		.size	cy_meta_wonvl, 4
 792              	cy_meta_wonvl:
 793 0000 BC       		.byte	-68
 794 0001 90       		.byte	-112
 795 0002 AC       		.byte	-84
 796 0003 AF       		.byte	-81
 797              		.section	.cycustnvl,"a",%progbits
 798              		.align	2
ARM GAS  C:\Users\quintor2\AppData\Local\Temp\ccISA9Vn.s 			page 15


 799              		.type	cy_meta_custnvl, %object
 800              		.size	cy_meta_custnvl, 4
 801              	cy_meta_custnvl:
 802 0000 00       		.byte	0
 803 0001 00       		.byte	0
 804 0002 40       		.byte	64
 805 0003 05       		.byte	5
 806              		.section	.cymeta,"a",%progbits
 807              		.align	2
 808              		.type	cy_metadata, %object
 809              		.size	cy_metadata, 12
 810              	cy_metadata:
 811 0000 00       		.byte	0
 812 0001 01       		.byte	1
 813 0002 2E       		.byte	46
 814 0003 12       		.byte	18
 815 0004 30       		.byte	48
 816 0005 69       		.byte	105
 817 0006 00       		.byte	0
 818 0007 01       		.byte	1
 819 0008 00       		.byte	0
 820 0009 00       		.byte	0
 821 000a 00       		.byte	0
 822 000b 00       		.byte	0
 823              		.section	.cyflashprotect,"a",%progbits
 824              		.align	2
 825              		.type	cy_meta_flashprotect, %object
 826              		.size	cy_meta_flashprotect, 256
 827              	cy_meta_flashprotect:
 828 0000 00000000 		.space	256
 828      00000000 
 828      00000000 
 828      00000000 
 828      00000000 
 829              		.text
 830              	.Letext0:
 831              		.file 1 ".\\Generated_Source\\PSoC5\\cymetadata.c"
 832              		.file 2 ".\\Generated_Source\\PSoC5\\cytypes.h"
 833              		.section	.debug_info,"",%progbits
 834              	.Ldebug_info0:
 835 0000 37010000 		.4byte	0x137
 836 0004 0400     		.2byte	0x4
 837 0006 00000000 		.4byte	.Ldebug_abbrev0
 838 000a 04       		.byte	0x4
 839 000b 01       		.uleb128 0x1
 840 000c 94000000 		.4byte	.LASF18
 841 0010 01       		.byte	0x1
 842 0011 00000000 		.4byte	.LASF19
 843 0015 85010000 		.4byte	.LASF20
 844 0019 00000000 		.4byte	.Ldebug_line0
 845 001d 02       		.uleb128 0x2
 846 001e 01       		.byte	0x1
 847 001f 06       		.byte	0x6
 848 0020 C6010000 		.4byte	.LASF0
 849 0024 02       		.uleb128 0x2
 850 0025 01       		.byte	0x1
 851 0026 08       		.byte	0x8
ARM GAS  C:\Users\quintor2\AppData\Local\Temp\ccISA9Vn.s 			page 16


 852 0027 38000000 		.4byte	.LASF1
 853 002b 02       		.uleb128 0x2
 854 002c 02       		.byte	0x2
 855 002d 05       		.byte	0x5
 856 002e AD010000 		.4byte	.LASF2
 857 0032 02       		.uleb128 0x2
 858 0033 02       		.byte	0x2
 859 0034 07       		.byte	0x7
 860 0035 58000000 		.4byte	.LASF3
 861 0039 02       		.uleb128 0x2
 862 003a 04       		.byte	0x4
 863 003b 05       		.byte	0x5
 864 003c BD010000 		.4byte	.LASF4
 865 0040 02       		.uleb128 0x2
 866 0041 04       		.byte	0x4
 867 0042 07       		.byte	0x7
 868 0043 46000000 		.4byte	.LASF5
 869 0047 02       		.uleb128 0x2
 870 0048 08       		.byte	0x8
 871 0049 05       		.byte	0x5
 872 004a 72010000 		.4byte	.LASF6
 873 004e 02       		.uleb128 0x2
 874 004f 08       		.byte	0x8
 875 0050 07       		.byte	0x7
 876 0051 2F010000 		.4byte	.LASF7
 877 0055 03       		.uleb128 0x3
 878 0056 04       		.byte	0x4
 879 0057 05       		.byte	0x5
 880 0058 696E7400 		.ascii	"int\000"
 881 005c 02       		.uleb128 0x2
 882 005d 04       		.byte	0x4
 883 005e 07       		.byte	0x7
 884 005f 22010000 		.4byte	.LASF8
 885 0063 04       		.uleb128 0x4
 886 0064 B7010000 		.4byte	.LASF21
 887 0068 02       		.byte	0x2
 888 0069 9201     		.2byte	0x192
 889 006b 24000000 		.4byte	0x24
 890 006f 02       		.uleb128 0x2
 891 0070 04       		.byte	0x4
 892 0071 04       		.byte	0x4
 893 0072 32000000 		.4byte	.LASF9
 894 0076 02       		.uleb128 0x2
 895 0077 08       		.byte	0x8
 896 0078 04       		.byte	0x4
 897 0079 6B000000 		.4byte	.LASF10
 898 007d 02       		.uleb128 0x2
 899 007e 01       		.byte	0x1
 900 007f 08       		.byte	0x8
 901 0080 80010000 		.4byte	.LASF11
 902 0084 05       		.uleb128 0x5
 903 0085 63000000 		.4byte	0x63
 904 0089 95000000 		.4byte	0x95
 905 008d 06       		.uleb128 0x6
 906 008e 95000000 		.4byte	0x95
 907 0092 F702     		.2byte	0x2f7
 908 0094 00       		.byte	0
ARM GAS  C:\Users\quintor2\AppData\Local\Temp\ccISA9Vn.s 			page 17


 909 0095 02       		.uleb128 0x2
 910 0096 04       		.byte	0x4
 911 0097 07       		.byte	0x7
 912 0098 69010000 		.4byte	.LASF12
 913 009c 07       		.uleb128 0x7
 914 009d 82000000 		.4byte	.LASF13
 915 00a1 01       		.byte	0x1
 916 00a2 1F       		.byte	0x1f
 917 00a3 AD000000 		.4byte	0xad
 918 00a7 05       		.uleb128 0x5
 919 00a8 03       		.byte	0x3
 920 00a9 00000000 		.4byte	cy_meta_configecc
 921 00ad 08       		.uleb128 0x8
 922 00ae 84000000 		.4byte	0x84
 923 00b2 05       		.uleb128 0x5
 924 00b3 63000000 		.4byte	0x63
 925 00b7 C2000000 		.4byte	0xc2
 926 00bb 09       		.uleb128 0x9
 927 00bc 95000000 		.4byte	0x95
 928 00c0 03       		.byte	0x3
 929 00c1 00       		.byte	0
 930 00c2 07       		.uleb128 0x7
 931 00c3 72000000 		.4byte	.LASF14
 932 00c7 01       		.byte	0x1
 933 00c8 8B       		.byte	0x8b
 934 00c9 D3000000 		.4byte	0xd3
 935 00cd 05       		.uleb128 0x5
 936 00ce 03       		.byte	0x3
 937 00cf 00000000 		.4byte	cy_meta_custnvl
 938 00d3 08       		.uleb128 0x8
 939 00d4 B2000000 		.4byte	0xb2
 940 00d8 07       		.uleb128 0x7
 941 00d9 5B010000 		.4byte	.LASF15
 942 00dd 01       		.byte	0x1
 943 00de 99       		.byte	0x99
 944 00df E9000000 		.4byte	0xe9
 945 00e3 05       		.uleb128 0x5
 946 00e4 03       		.byte	0x3
 947 00e5 00000000 		.4byte	cy_meta_wonvl
 948 00e9 08       		.uleb128 0x8
 949 00ea B2000000 		.4byte	0xb2
 950 00ee 05       		.uleb128 0x5
 951 00ef 63000000 		.4byte	0x63
 952 00f3 FE000000 		.4byte	0xfe
 953 00f7 09       		.uleb128 0x9
 954 00f8 95000000 		.4byte	0x95
 955 00fc FF       		.byte	0xff
 956 00fd 00       		.byte	0
 957 00fe 07       		.uleb128 0x7
 958 00ff 46010000 		.4byte	.LASF16
 959 0103 01       		.byte	0x1
 960 0104 A7       		.byte	0xa7
 961 0105 0F010000 		.4byte	0x10f
 962 0109 05       		.uleb128 0x5
 963 010a 03       		.byte	0x3
 964 010b 00000000 		.4byte	cy_meta_flashprotect
 965 010f 08       		.uleb128 0x8
ARM GAS  C:\Users\quintor2\AppData\Local\Temp\ccISA9Vn.s 			page 18


 966 0110 EE000000 		.4byte	0xee
 967 0114 05       		.uleb128 0x5
 968 0115 63000000 		.4byte	0x63
 969 0119 24010000 		.4byte	0x124
 970 011d 09       		.uleb128 0x9
 971 011e 95000000 		.4byte	0x95
 972 0122 0B       		.byte	0xb
 973 0123 00       		.byte	0
 974 0124 07       		.uleb128 0x7
 975 0125 26000000 		.4byte	.LASF17
 976 0129 01       		.byte	0x1
 977 012a D4       		.byte	0xd4
 978 012b 35010000 		.4byte	0x135
 979 012f 05       		.uleb128 0x5
 980 0130 03       		.byte	0x3
 981 0131 00000000 		.4byte	cy_metadata
 982 0135 08       		.uleb128 0x8
 983 0136 14010000 		.4byte	0x114
 984 013a 00       		.byte	0
 985              		.section	.debug_abbrev,"",%progbits
 986              	.Ldebug_abbrev0:
 987 0000 01       		.uleb128 0x1
 988 0001 11       		.uleb128 0x11
 989 0002 01       		.byte	0x1
 990 0003 25       		.uleb128 0x25
 991 0004 0E       		.uleb128 0xe
 992 0005 13       		.uleb128 0x13
 993 0006 0B       		.uleb128 0xb
 994 0007 03       		.uleb128 0x3
 995 0008 0E       		.uleb128 0xe
 996 0009 1B       		.uleb128 0x1b
 997 000a 0E       		.uleb128 0xe
 998 000b 10       		.uleb128 0x10
 999 000c 17       		.uleb128 0x17
 1000 000d 00       		.byte	0
 1001 000e 00       		.byte	0
 1002 000f 02       		.uleb128 0x2
 1003 0010 24       		.uleb128 0x24
 1004 0011 00       		.byte	0
 1005 0012 0B       		.uleb128 0xb
 1006 0013 0B       		.uleb128 0xb
 1007 0014 3E       		.uleb128 0x3e
 1008 0015 0B       		.uleb128 0xb
 1009 0016 03       		.uleb128 0x3
 1010 0017 0E       		.uleb128 0xe
 1011 0018 00       		.byte	0
 1012 0019 00       		.byte	0
 1013 001a 03       		.uleb128 0x3
 1014 001b 24       		.uleb128 0x24
 1015 001c 00       		.byte	0
 1016 001d 0B       		.uleb128 0xb
 1017 001e 0B       		.uleb128 0xb
 1018 001f 3E       		.uleb128 0x3e
 1019 0020 0B       		.uleb128 0xb
 1020 0021 03       		.uleb128 0x3
 1021 0022 08       		.uleb128 0x8
 1022 0023 00       		.byte	0
ARM GAS  C:\Users\quintor2\AppData\Local\Temp\ccISA9Vn.s 			page 19


 1023 0024 00       		.byte	0
 1024 0025 04       		.uleb128 0x4
 1025 0026 16       		.uleb128 0x16
 1026 0027 00       		.byte	0
 1027 0028 03       		.uleb128 0x3
 1028 0029 0E       		.uleb128 0xe
 1029 002a 3A       		.uleb128 0x3a
 1030 002b 0B       		.uleb128 0xb
 1031 002c 3B       		.uleb128 0x3b
 1032 002d 05       		.uleb128 0x5
 1033 002e 49       		.uleb128 0x49
 1034 002f 13       		.uleb128 0x13
 1035 0030 00       		.byte	0
 1036 0031 00       		.byte	0
 1037 0032 05       		.uleb128 0x5
 1038 0033 01       		.uleb128 0x1
 1039 0034 01       		.byte	0x1
 1040 0035 49       		.uleb128 0x49
 1041 0036 13       		.uleb128 0x13
 1042 0037 01       		.uleb128 0x1
 1043 0038 13       		.uleb128 0x13
 1044 0039 00       		.byte	0
 1045 003a 00       		.byte	0
 1046 003b 06       		.uleb128 0x6
 1047 003c 21       		.uleb128 0x21
 1048 003d 00       		.byte	0
 1049 003e 49       		.uleb128 0x49
 1050 003f 13       		.uleb128 0x13
 1051 0040 2F       		.uleb128 0x2f
 1052 0041 05       		.uleb128 0x5
 1053 0042 00       		.byte	0
 1054 0043 00       		.byte	0
 1055 0044 07       		.uleb128 0x7
 1056 0045 34       		.uleb128 0x34
 1057 0046 00       		.byte	0
 1058 0047 03       		.uleb128 0x3
 1059 0048 0E       		.uleb128 0xe
 1060 0049 3A       		.uleb128 0x3a
 1061 004a 0B       		.uleb128 0xb
 1062 004b 3B       		.uleb128 0x3b
 1063 004c 0B       		.uleb128 0xb
 1064 004d 49       		.uleb128 0x49
 1065 004e 13       		.uleb128 0x13
 1066 004f 3F       		.uleb128 0x3f
 1067 0050 19       		.uleb128 0x19
 1068 0051 02       		.uleb128 0x2
 1069 0052 18       		.uleb128 0x18
 1070 0053 00       		.byte	0
 1071 0054 00       		.byte	0
 1072 0055 08       		.uleb128 0x8
 1073 0056 26       		.uleb128 0x26
 1074 0057 00       		.byte	0
 1075 0058 49       		.uleb128 0x49
 1076 0059 13       		.uleb128 0x13
 1077 005a 00       		.byte	0
 1078 005b 00       		.byte	0
 1079 005c 09       		.uleb128 0x9
ARM GAS  C:\Users\quintor2\AppData\Local\Temp\ccISA9Vn.s 			page 20


 1080 005d 21       		.uleb128 0x21
 1081 005e 00       		.byte	0
 1082 005f 49       		.uleb128 0x49
 1083 0060 13       		.uleb128 0x13
 1084 0061 2F       		.uleb128 0x2f
 1085 0062 0B       		.uleb128 0xb
 1086 0063 00       		.byte	0
 1087 0064 00       		.byte	0
 1088 0065 00       		.byte	0
 1089              		.section	.debug_aranges,"",%progbits
 1090 0000 14000000 		.4byte	0x14
 1091 0004 0200     		.2byte	0x2
 1092 0006 00000000 		.4byte	.Ldebug_info0
 1093 000a 04       		.byte	0x4
 1094 000b 00       		.byte	0
 1095 000c 0000     		.2byte	0
 1096 000e 0000     		.2byte	0
 1097 0010 00000000 		.4byte	0
 1098 0014 00000000 		.4byte	0
 1099              		.section	.debug_line,"",%progbits
 1100              	.Ldebug_line0:
 1101 0000 4F000000 		.section	.debug_str,"MS",%progbits,1
 1101      02004900 
 1101      00000201 
 1101      FB0E0D00 
 1101      01010101 
 1102              	.LASF19:
 1103 0000 2E5C4765 		.ascii	".\\Generated_Source\\PSoC5\\cymetadata.c\000"
 1103      6E657261 
 1103      7465645F 
 1103      536F7572 
 1103      63655C50 
 1104              	.LASF17:
 1105 0026 63795F6D 		.ascii	"cy_metadata\000"
 1105      65746164 
 1105      61746100 
 1106              	.LASF9:
 1107 0032 666C6F61 		.ascii	"float\000"
 1107      7400
 1108              	.LASF1:
 1109 0038 756E7369 		.ascii	"unsigned char\000"
 1109      676E6564 
 1109      20636861 
 1109      7200
 1110              	.LASF5:
 1111 0046 6C6F6E67 		.ascii	"long unsigned int\000"
 1111      20756E73 
 1111      69676E65 
 1111      6420696E 
 1111      7400
 1112              	.LASF3:
 1113 0058 73686F72 		.ascii	"short unsigned int\000"
 1113      7420756E 
 1113      7369676E 
 1113      65642069 
 1113      6E7400
 1114              	.LASF10:
ARM GAS  C:\Users\quintor2\AppData\Local\Temp\ccISA9Vn.s 			page 21


 1115 006b 646F7562 		.ascii	"double\000"
 1115      6C6500
 1116              	.LASF14:
 1117 0072 63795F6D 		.ascii	"cy_meta_custnvl\000"
 1117      6574615F 
 1117      63757374 
 1117      6E766C00 
 1118              	.LASF13:
 1119 0082 63795F6D 		.ascii	"cy_meta_configecc\000"
 1119      6574615F 
 1119      636F6E66 
 1119      69676563 
 1119      6300
 1120              	.LASF18:
 1121 0094 474E5520 		.ascii	"GNU C 4.9.3 20150303 (release) [ARM/embedded-4_9-br"
 1121      4320342E 
 1121      392E3320 
 1121      32303135 
 1121      30333033 
 1122 00c7 616E6368 		.ascii	"anch revision 221220] -mcpu=cortex-m3 -mthumb -g -O"
 1122      20726576 
 1122      6973696F 
 1122      6E203232 
 1122      31323230 
 1123 00fa 67202D66 		.ascii	"g -ffunction-sections -ffat-lto-objects\000"
 1123      66756E63 
 1123      74696F6E 
 1123      2D736563 
 1123      74696F6E 
 1124              	.LASF8:
 1125 0122 756E7369 		.ascii	"unsigned int\000"
 1125      676E6564 
 1125      20696E74 
 1125      00
 1126              	.LASF7:
 1127 012f 6C6F6E67 		.ascii	"long long unsigned int\000"
 1127      206C6F6E 
 1127      6720756E 
 1127      7369676E 
 1127      65642069 
 1128              	.LASF16:
 1129 0146 63795F6D 		.ascii	"cy_meta_flashprotect\000"
 1129      6574615F 
 1129      666C6173 
 1129      6870726F 
 1129      74656374 
 1130              	.LASF15:
 1131 015b 63795F6D 		.ascii	"cy_meta_wonvl\000"
 1131      6574615F 
 1131      776F6E76 
 1131      6C00
 1132              	.LASF12:
 1133 0169 73697A65 		.ascii	"sizetype\000"
 1133      74797065 
 1133      00
 1134              	.LASF6:
 1135 0172 6C6F6E67 		.ascii	"long long int\000"
ARM GAS  C:\Users\quintor2\AppData\Local\Temp\ccISA9Vn.s 			page 22


 1135      206C6F6E 
 1135      6720696E 
 1135      7400
 1136              	.LASF11:
 1137 0180 63686172 		.ascii	"char\000"
 1137      00
 1138              	.LASF20:
 1139 0185 483A5C33 		.ascii	"H:\\343 lab 6\\Workspace01\\Design01.cydsn\000"
 1139      3433206C 
 1139      61622036 
 1139      5C576F72 
 1139      6B737061 
 1140              	.LASF2:
 1141 01ad 73686F72 		.ascii	"short int\000"
 1141      7420696E 
 1141      7400
 1142              	.LASF21:
 1143 01b7 75696E74 		.ascii	"uint8\000"
 1143      3800
 1144              	.LASF4:
 1145 01bd 6C6F6E67 		.ascii	"long int\000"
 1145      20696E74 
 1145      00
 1146              	.LASF0:
 1147 01c6 7369676E 		.ascii	"signed char\000"
 1147      65642063 
 1147      68617200 
 1148              		.ident	"GCC: (GNU Tools for ARM Embedded Processors) 4.9.3 20150303 (release) [ARM/embedded-4_9-br
